2026-03-30 21:00:22-07:00 Warning: You are sending unauthenticated requests to the HF Hub. Please set a HF_TOKEN to enable higher rate limits and faster downloads.
2026-03-30 21:00:30-07:00 Device: cuda
2026-03-30 21:00:30-07:00 Loading dataset: tydiqa (backbone=bert)
2026-03-30 21:00:30-07:00 
2026-03-30 21:00:30-07:00 [1A2026-03-30 21:00:30-07:00 Generating train split:   0%|          | 0/49881 [00:00<?, ? examples/s]
2026-03-30 21:00:30-07:00 [1A2026-03-30 21:00:30-07:00 Generating train split:  36%|███▌      | 18000/49881 [00:00<00:00, 171516.95 examples/s]
2026-03-30 21:00:30-07:00 [1A2026-03-30 21:00:30-07:00 Generating train split:  98%|█████████▊| 49000/49881 [00:00<00:00, 245058.90 examples/s]
2026-03-30 21:00:30-07:00 [1A2026-03-30 21:00:30-07:00 Generating train split: 100%|██████████| 49881/49881 [00:00<00:00, 233854.00 examples/s]
2026-03-30 21:00:30-07:00 
2026-03-30 21:00:30-07:00 [1A2026-03-30 21:00:30-07:00 Generating validation split:   0%|          | 0/5077 [00:00<?, ? examples/s]
2026-03-30 21:00:30-07:00 [1A2026-03-30 21:00:30-07:00 Generating validation split: 100%|██████████| 5077/5077 [00:00<00:00, 211290.41 examples/s]
2026-03-30 21:01:44-07:00 
2026-03-30 21:01:44-07:00 [1A2026-03-30 21:01:44-07:00 Loading weights:   0%|          | 0/197 [00:00<?, ?it/s]
2026-03-30 21:01:44-07:00 [1A2026-03-30 21:01:44-07:00 Loading weights: 100%|██████████| 197/197 [00:00<00:00, 2344.96it/s]
2026-03-30 21:01:44-07:00 [1mBertForQuestionAnswering LOAD REPORT[0m from: bert-base-uncased
2026-03-30 21:01:44-07:00 Key                                        | Status     |
2026-03-30 21:01:44-07:00 -------------------------------------------+------------+-
2026-03-30 21:01:44-07:00 cls.predictions.bias                       | UNEXPECTED |
2026-03-30 21:01:44-07:00 cls.predictions.transform.LayerNorm.bias   | UNEXPECTED |
2026-03-30 21:01:44-07:00 bert.pooler.dense.bias                     | UNEXPECTED |
2026-03-30 21:01:44-07:00 bert.pooler.dense.weight                   | UNEXPECTED |
2026-03-30 21:01:44-07:00 cls.predictions.transform.dense.bias       | UNEXPECTED |
2026-03-30 21:01:44-07:00 cls.seq_relationship.bias                  | UNEXPECTED |
2026-03-30 21:01:44-07:00 cls.seq_relationship.weight                | UNEXPECTED |
2026-03-30 21:01:44-07:00 cls.predictions.transform.dense.weight     | UNEXPECTED |
2026-03-30 21:01:44-07:00 cls.predictions.transform.LayerNorm.weight | UNEXPECTED |
2026-03-30 21:01:44-07:00 qa_outputs.weight                          | MISSING    |
2026-03-30 21:01:44-07:00 qa_outputs.bias                            | MISSING    |
2026-03-30 21:01:44-07:00 
2026-03-30 21:01:44-07:00 Notes:
2026-03-30 21:01:44-07:00 - UNEXPECTED: can be ignored when loading from different task/architecture; not ok if you expect identical arch.
2026-03-30 21:01:44-07:00 - MISSING:    those params were newly initialized because missing from the checkpoint. Consider training on your downstream task.
2026-03-30 21:01:48-07:00 wandb: [wandb.login()] Loaded credentials for https://api.wandb.ai from WANDB_API_KEY.
2026-03-30 21:01:48-07:00 wandb: Currently logged in as: huihuijiang0619 (huihuijiang0619-) to https://api.wandb.ai. Use `wandb login --relogin` to force relogin
2026-03-30 21:01:49-07:00 wandb: setting up run 5vjo5ngm
2026-03-30 21:01:49-07:00 wandb: Tracking run with wandb version 0.25.1
2026-03-30 21:01:49-07:00 wandb: Run data is saved locally in /workspace/wandb/run-20260331_040148-5vjo5ngm
2026-03-30 21:01:49-07:00 wandb: Run `wandb offline` to turn off syncing.
2026-03-30 21:01:49-07:00 wandb: Syncing run tydiqa-no-blend-l3-30pct
2026-03-30 21:01:49-07:00 wandb: ⭐️ View project at https://wandb.ai/huihuijiang0619-/mrbert-tydiqa
2026-03-30 21:01:49-07:00 wandb: 🚀 View run at https://wandb.ai/huihuijiang0619-/mrbert-tydiqa/runs/5vjo5ngm
2026-03-30 21:01:50-07:00 `use_return_dict` is deprecated! Use `return_dict` instead!
2026-03-30 21:24:45-07:00 wandb: updating run metadata
2026-03-30 21:24:46-07:00 wandb: uploading output.log; uploading config.yaml
2026-03-30 21:24:46-07:00 wandb: uploading history steps 71-71, summary, console lines 80-82
2026-03-30 21:24:46-07:00 wandb: 
2026-03-30 21:24:46-07:00 wandb: Run history:
2026-03-30 21:24:46-07:00 wandb:                 duration_sec ▁
2026-03-30 21:24:46-07:00 wandb:                        epoch ▁▅█
2026-03-30 21:24:46-07:00 wandb:                     pi/alpha ▅▆▇▄▆▃▃▇▁▅▇▂▁▆▁▁▁▁▃▁▁▁▁▆▂▁▄▁▁▁▁█▁▂▁▁▁▆▄▅
2026-03-30 21:24:46-07:00 wandb:               pi/alpha_final ▁
2026-03-30 21:24:46-07:00 wandb:                     pi/error ▁▄▅▇▇▇██▆▇▄▅▆▆▄▄▂▅▆▅▅▇▄▂▄▁▄█▂▇▇▂▄▆▂▅▅▅▆▄
2026-03-30 21:24:46-07:00 wandb:             pi/integral_term ▁▃▃▄▅▅▆▇▇█████████████████████████▇▇▇▇▇▇
2026-03-30 21:24:46-07:00 wandb:         pi/proportional_term ▇▇█▇▅▆▄▄▆▅▅▆▃▇▆▄▃▅▅▄▃▄▄▁▇▇▅█▆▄▅▄█▅▇▇▄▇█▃
2026-03-30 21:24:46-07:00 wandb: pruning/actual_deletion_rate ▅▁▁▁▁▁▁▁█▆▄▅▇▅▄▇▅▆▅▆▆▆▇▆▆█▃▄▅▅▆▇▅▆▅▆▆▇▅▅
2026-03-30 21:24:46-07:00 wandb:            pruning/gate_mean ▆▇██▁▄▄▄▃▄▃▂▄▂▃▃▃▂▄▃▃▃▃▃▅▄▄▅▂▄▂▄▃▄▃▃▃▃▄▄
2026-03-30 21:24:46-07:00 wandb:             pruning/gate_std ▂▂▂▁▁█▇▇▇█▇▇▇▇▇▇▇█▇▇█▇▇▇██▅█▆▇██▇█▇█▇█▇▇
2026-03-30 21:24:46-07:00 wandb:                          +17 ...
2026-03-30 21:24:46-07:00 wandb: 
2026-03-30 21:24:46-07:00 wandb: Run summary:
2026-03-30 21:24:46-07:00 wandb:                 duration_sec 1375
2026-03-30 21:24:46-07:00 wandb:                        epoch 3
2026-03-30 21:24:46-07:00 wandb:                     pi/alpha 0
2026-03-30 21:24:46-07:00 wandb:               pi/alpha_final 0
2026-03-30 21:24:46-07:00 wandb:                     pi/error -0.07607
2026-03-30 21:24:46-07:00 wandb:             pi/integral_term 38.49505
2026-03-30 21:24:46-07:00 wandb:         pi/proportional_term -0.01271
2026-03-30 21:24:46-07:00 wandb: pruning/actual_deletion_rate 0.259
2026-03-30 21:24:46-07:00 wandb:            pruning/gate_mean -9.779
2026-03-30 21:24:46-07:00 wandb:             pruning/gate_std 11.1589
2026-03-30 21:24:46-07:00 wandb:                          +17 ...
2026-03-30 21:24:46-07:00 wandb: 
2026-03-30 21:24:46-07:00 wandb: 🚀 View run tydiqa-no-blend-l3-30pct at: https://wandb.ai/huihuijiang0619-/mrbert-tydiqa/runs/5vjo5ngm
2026-03-30 21:24:46-07:00 wandb: ⭐️ View project at: https://wandb.ai/huihuijiang0619-/mrbert-tydiqa
2026-03-30 21:24:46-07:00 wandb: Synced 5 W&B file(s), 0 media file(s), 0 artifact file(s) and 0 other file(s)
2026-03-30 21:24:46-07:00 wandb: Find logs at: ./wandb/run-20260331_040148-5vjo5ngm/logs
2026-03-30 21:24:46-07:00   step 100/7200 loss: 4.3554
2026-03-30 21:24:46-07:00   step 200/7200 loss: 3.5876
2026-03-30 21:24:46-07:00   step 300/7200 loss: 3.3423
2026-03-30 21:24:46-07:00   step 400/7200 loss: 3.2745
2026-03-30 21:24:46-07:00   step 500/7200 loss: 3.1287
2026-03-30 21:24:46-07:00   step 600/7200 loss: 2.8583
2026-03-30 21:24:46-07:00   step 700/7200 loss: 3.0425
2026-03-30 21:24:46-07:00   step 800/7200 loss: 2.7084
2026-03-30 21:24:46-07:00   step 900/7200 loss: 2.8417
2026-03-30 21:24:46-07:00   Gate warm-up done at step 1000; enabling gate regularizer (alpha=1.00e-04)
2026-03-30 21:24:46-07:00   step 1000/7200 loss: 2.6575
2026-03-30 21:24:46-07:00   step 1100/7200 loss: 2.1673
2026-03-30 21:24:46-07:00   step 1200/7200 loss: 2.4303
2026-03-30 21:24:46-07:00   step 1300/7200 loss: 2.4070
2026-03-30 21:24:46-07:00   step 1400/7200 loss: 2.8661
2026-03-30 21:24:46-07:00   step 1500/7200 loss: 2.5432
2026-03-30 21:24:46-07:00   step 1600/7200 loss: 2.5733
2026-03-30 21:24:46-07:00   step 1700/7200 loss: 2.5038
2026-03-30 21:24:46-07:00   step 1800/7200 loss: 2.4246
2026-03-30 21:24:46-07:00   step 1900/7200 loss: 2.4677
2026-03-30 21:24:46-07:00   step 2000/7200 loss: 2.1253
2026-03-30 21:24:46-07:00   step 2100/7200 loss: 2.4014
2026-03-30 21:24:46-07:00   step 2200/7200 loss: 1.5773
2026-03-30 21:24:46-07:00   step 2300/7200 loss: 1.7886
2026-03-30 21:24:46-07:00   step 2400/7200 loss: 2.3465
2026-03-30 21:24:46-07:00 Epoch 1/3 avg train loss: 2.6503
2026-03-30 21:24:46-07:00   Validation: 0.3223 (EM)
2026-03-30 21:24:46-07:00   step 2500/7200 loss: 2.3718
2026-03-30 21:24:46-07:00   step 2600/7200 loss: 1.2135
2026-03-30 21:24:46-07:00   step 2700/7200 loss: 1.8822
2026-03-30 21:24:46-07:00   step 2800/7200 loss: 2.2454
2026-03-30 21:24:46-07:00   step 2900/7200 loss: 2.1021
2026-03-30 21:24:46-07:00   step 3000/7200 loss: 1.4516
2026-03-30 21:24:46-07:00   step 3100/7200 loss: 1.4243
2026-03-30 21:24:46-07:00   step 3200/7200 loss: 1.2446
2026-03-30 21:24:46-07:00   step 3300/7200 loss: 1.8546
2026-03-30 21:24:46-07:00   step 3400/7200 loss: 1.4268
2026-03-30 21:24:46-07:00   step 3500/7200 loss: 1.6816
2026-03-30 21:24:46-07:00   step 3600/7200 loss: 2.1288
2026-03-30 21:24:46-07:00   step 3700/7200 loss: 1.9520
2026-03-30 21:24:46-07:00   step 3800/7200 loss: 2.5451
2026-03-30 21:24:46-07:00   step 3900/7200 loss: 1.8964
2026-03-30 21:24:46-07:00   step 4000/7200 loss: 1.6760
2026-03-30 21:24:46-07:00   step 4100/7200 loss: 1.6790
2026-03-30 21:24:46-07:00   step 4200/7200 loss: 1.7090
2026-03-30 21:24:46-07:00   step 4300/7200 loss: 1.4439
2026-03-30 21:24:46-07:00   step 4400/7200 loss: 1.4327
2026-03-30 21:24:46-07:00   step 4500/7200 loss: 2.3271
2026-03-30 21:24:46-07:00   step 4600/7200 loss: 1.2383
2026-03-30 21:24:46-07:00   step 4700/7200 loss: 1.7367
2026-03-30 21:24:46-07:00   step 4800/7200 loss: 2.0822
2026-03-30 21:24:46-07:00 Epoch 2/3 avg train loss: 1.8828
2026-03-30 21:24:46-07:00   Validation: 0.3512 (EM)
2026-03-30 21:24:46-07:00   step 4900/7200 loss: 1.5626
2026-03-30 21:24:46-07:00   step 5000/7200 loss: 1.8821
2026-03-30 21:24:46-07:00   step 5100/7200 loss: 0.8204
2026-03-30 21:24:46-07:00   step 5200/7200 loss: 1.6463
2026-03-30 21:24:46-07:00   step 5300/7200 loss: 2.2386
2026-03-30 21:24:46-07:00   step 5400/7200 loss: 1.1258
2026-03-30 21:24:46-07:00   step 5500/7200 loss: 1.3846
2026-03-30 21:24:46-07:00   step 5600/7200 loss: 1.2582
2026-03-30 21:24:46-07:00   step 5700/7200 loss: 1.1465
2026-03-30 21:24:46-07:00   step 5800/7200 loss: 1.6710
2026-03-30 21:24:46-07:00   step 5900/7200 loss: 1.1369
2026-03-30 21:24:46-07:00   step 6000/7200 loss: 1.2862
2026-03-30 21:24:46-07:00   step 6100/7200 loss: 1.0756
2026-03-30 21:24:46-07:00   step 6200/7200 loss: 0.9333
2026-03-30 21:24:46-07:00   step 6300/7200 loss: 1.6727
2026-03-30 21:24:46-07:00   step 6400/7200 loss: 1.3723
2026-03-30 21:24:46-07:00   step 6500/7200 loss: 1.7059
2026-03-30 21:24:46-07:00   step 6600/7200 loss: 1.1553
2026-03-30 21:24:46-07:00   step 6700/7200 loss: 1.4230
2026-03-30 21:24:46-07:00   step 6800/7200 loss: 1.7356
2026-03-30 21:24:46-07:00   step 6900/7200 loss: 1.9491
2026-03-30 21:24:46-07:00   step 7000/7200 loss: 1.5470
2026-03-30 21:24:46-07:00   step 7100/7200 loss: 1.9738
2026-03-30 21:24:46-07:00   step 7200/7200 loss: 1.2605
2026-03-30 21:24:46-07:00 Epoch 3/3 avg train loss: 1.5074
2026-03-30 21:24:46-07:00   Validation: 0.3778 (EM)
2026-03-30 21:24:46-07:00 Validation exact match: 0.3778 (1505/3984)
2026-03-30 21:24:46-07:00 Inference: 54.14 ms/batch  |  295.54 samples/sec
2026-03-30 21:24:46-07:00 Actual deletion rate (train): 25.90%  |  gate mean: -9.779  std: 11.1589  |  alpha_final: 0.0  |  time: 1375.0s
2026-03-30 21:24:46-07:00 Done.

