2026-03-30 21:25:48-07:00 Warning: You are sending unauthenticated requests to the HF Hub. Please set a HF_TOKEN to enable higher rate limits and faster downloads.
2026-03-30 21:25:52-07:00 Device: cuda
2026-03-30 21:25:52-07:00 Loading dataset: tydiqa (backbone=bert)
2026-03-30 21:25:52-07:00 
2026-03-30 21:25:52-07:00 [1A2026-03-30 21:25:52-07:00 Generating train split:   0%|          | 0/49881 [00:00<?, ? examples/s]
2026-03-30 21:25:52-07:00 [1A2026-03-30 21:25:52-07:00 Generating train split:  50%|█████     | 25000/49881 [00:00<00:00, 238645.20 examples/s]
2026-03-30 21:25:52-07:00 [1A2026-03-30 21:25:52-07:00 Generating train split: 100%|██████████| 49881/49881 [00:00<00:00, 298466.95 examples/s]
2026-03-30 21:25:52-07:00 
2026-03-30 21:25:52-07:00 [1A2026-03-30 21:25:52-07:00 Generating validation split:   0%|          | 0/5077 [00:00<?, ? examples/s]
2026-03-30 21:25:52-07:00 [1A2026-03-30 21:25:52-07:00 Generating validation split: 100%|██████████| 5077/5077 [00:00<00:00, 263617.34 examples/s]
2026-03-30 21:26:48-07:00 
2026-03-30 21:26:48-07:00 [1A2026-03-30 21:26:48-07:00 Loading weights:   0%|          | 0/197 [00:00<?, ?it/s]
2026-03-30 21:26:48-07:00 [1A2026-03-30 21:26:48-07:00 Loading weights: 100%|██████████| 197/197 [00:00<00:00, 2653.03it/s]
2026-03-30 21:26:48-07:00 [1mBertForQuestionAnswering LOAD REPORT[0m from: bert-base-uncased
2026-03-30 21:26:48-07:00 Key                                        | Status     |
2026-03-30 21:26:48-07:00 -------------------------------------------+------------+-
2026-03-30 21:26:48-07:00 cls.predictions.bias                       | UNEXPECTED |
2026-03-30 21:26:48-07:00 cls.predictions.transform.LayerNorm.bias   | UNEXPECTED |
2026-03-30 21:26:48-07:00 bert.pooler.dense.bias                     | UNEXPECTED |
2026-03-30 21:26:48-07:00 bert.pooler.dense.weight                   | UNEXPECTED |
2026-03-30 21:26:48-07:00 cls.predictions.transform.dense.bias       | UNEXPECTED |
2026-03-30 21:26:48-07:00 cls.seq_relationship.bias                  | UNEXPECTED |
2026-03-30 21:26:48-07:00 cls.seq_relationship.weight                | UNEXPECTED |
2026-03-30 21:26:48-07:00 cls.predictions.transform.dense.weight     | UNEXPECTED |
2026-03-30 21:26:48-07:00 cls.predictions.transform.LayerNorm.weight | UNEXPECTED |
2026-03-30 21:26:48-07:00 qa_outputs.weight                          | MISSING    |
2026-03-30 21:26:48-07:00 qa_outputs.bias                            | MISSING    |
2026-03-30 21:26:48-07:00 
2026-03-30 21:26:48-07:00 Notes:
2026-03-30 21:26:48-07:00 - UNEXPECTED: can be ignored when loading from different task/architecture; not ok if you expect identical arch.
2026-03-30 21:26:48-07:00 - MISSING:    those params were newly initialized because missing from the checkpoint. Consider training on your downstream task.
2026-03-30 21:26:49-07:00 wandb: [wandb.login()] Loaded credentials for https://api.wandb.ai from WANDB_API_KEY.
2026-03-30 21:26:50-07:00 wandb: Currently logged in as: huihuijiang0619 (huihuijiang0619-) to https://api.wandb.ai. Use `wandb login --relogin` to force relogin
2026-03-30 21:26:51-07:00 wandb: setting up run b4p1vmqm
2026-03-30 21:26:51-07:00 wandb: Tracking run with wandb version 0.25.1
2026-03-30 21:26:51-07:00 wandb: Run data is saved locally in /workspace/wandb/run-20260331_042650-b4p1vmqm
2026-03-30 21:26:51-07:00 wandb: Run `wandb offline` to turn off syncing.
2026-03-30 21:26:51-07:00 wandb: Syncing run tydiqa-no-blend-l3-30pct
2026-03-30 21:26:51-07:00 wandb: ⭐️ View project at https://wandb.ai/huihuijiang0619-/mrbert-tydiqa
2026-03-30 21:26:51-07:00 wandb: 🚀 View run at https://wandb.ai/huihuijiang0619-/mrbert-tydiqa/runs/b4p1vmqm
2026-03-30 21:26:51-07:00 `use_return_dict` is deprecated! Use `return_dict` instead!
2026-03-30 21:48:44-07:00 wandb: updating run metadata
2026-03-30 21:48:44-07:00 wandb: 
2026-03-30 21:48:44-07:00 wandb: Run history:
2026-03-30 21:48:44-07:00 wandb:                 duration_sec ▁
2026-03-30 21:48:44-07:00 wandb:                        epoch ▁▅█
2026-03-30 21:48:44-07:00 wandb:                     pi/alpha ▂▁▂▅▅▄█▅▇▅▃▁▅█▁▂▃▁▅▃▁▃▄▂▂▃▁▁▁▂▁▁▄▁▇▃▁▁▁▁
2026-03-30 21:48:44-07:00 wandb:               pi/alpha_final ▁
2026-03-30 21:48:44-07:00 wandb:                     pi/error ▃▅▄▃▄▄▅▅█▆▆▆▇▆▅▅▁▅▃█▃▅▄▃▄▆▄▇▃▄▁▄▄▇▆▄▄▆▂▁
2026-03-30 21:48:44-07:00 wandb:             pi/integral_term ▁▁▁▂▂▃▃▃▄▄▅▅▆▆▆▆▇▇▇▇▇▇▇▇▇▇▇▇████████████
2026-03-30 21:48:44-07:00 wandb:         pi/proportional_term ▅▅▄▅▆▆▅█▆█▆▅▅▇▅▃▄▄▅▅▄▃▅▆▅▃▅▃▄▄▁▇▃▂▅▄▄▃▃▃
2026-03-30 21:48:44-07:00 wandb: pruning/actual_deletion_rate ▁▁▁▁▁▁▄▆▅▅▅▆▆▄▄▄▄▄▅▇▆▃▆▅▄▆▄▆▄▆▅▇▅▄█▅▅▆▆▅
2026-03-30 21:48:44-07:00 wandb:            pruning/gate_mean ▆▇█████▅▃▃▃▄▄▅▄▄▄▄▅▄▄▅▄▃▃▅▅▃▅▄▃▃▄▃▁▃▄▃▃▄
2026-03-30 21:48:44-07:00 wandb:             pruning/gate_std ▂▁▁▁▁▁▁▁▇▇▇█▇▇▇▇▇▇▆▇▇██▆████▆█▇▇██▇▇▆██▇
2026-03-30 21:48:44-07:00 wandb:                          +17 ...
2026-03-30 21:48:44-07:00 wandb: 
2026-03-30 21:48:44-07:00 wandb: Run summary:
2026-03-30 21:48:44-07:00 wandb:                 duration_sec 1312.7
2026-03-30 21:48:44-07:00 wandb:                        epoch 3
2026-03-30 21:48:44-07:00 wandb:                     pi/alpha 0
2026-03-30 21:48:44-07:00 wandb:               pi/alpha_final 0
2026-03-30 21:48:44-07:00 wandb:                     pi/error -0.13892
2026-03-30 21:48:44-07:00 wandb:             pi/integral_term 55.80586
2026-03-30 21:48:44-07:00 wandb:         pi/proportional_term -0.01817
2026-03-30 21:48:44-07:00 wandb: pruning/actual_deletion_rate 0.2528
2026-03-30 21:48:44-07:00 wandb:            pruning/gate_mean -9.0382
2026-03-30 21:48:44-07:00 wandb:             pruning/gate_std 11.4097
2026-03-30 21:48:44-07:00 wandb:                          +17 ...
2026-03-30 21:48:44-07:00 wandb: 
2026-03-30 21:48:44-07:00 wandb: 🚀 View run tydiqa-no-blend-l3-30pct at: https://wandb.ai/huihuijiang0619-/mrbert-tydiqa/runs/b4p1vmqm
2026-03-30 21:48:44-07:00 wandb: ⭐️ View project at: https://wandb.ai/huihuijiang0619-/mrbert-tydiqa
2026-03-30 21:48:44-07:00 wandb: Synced 5 W&B file(s), 0 media file(s), 0 artifact file(s) and 0 other file(s)
2026-03-30 21:48:44-07:00 wandb: Find logs at: ./wandb/run-20260331_042650-b4p1vmqm/logs
2026-03-30 21:48:44-07:00   step 100/7200 loss: 3.6140
2026-03-30 21:48:44-07:00   step 200/7200 loss: 2.8126
2026-03-30 21:48:44-07:00   step 300/7200 loss: 3.3239
2026-03-30 21:48:44-07:00   step 400/7200 loss: 3.8399
2026-03-30 21:48:44-07:00   step 500/7200 loss: 3.3008
2026-03-30 21:48:44-07:00   step 600/7200 loss: 2.8995
2026-03-30 21:48:44-07:00   step 700/7200 loss: 3.1507
2026-03-30 21:48:44-07:00   step 800/7200 loss: 2.3653
2026-03-30 21:48:44-07:00   step 900/7200 loss: 2.3012
2026-03-30 21:48:44-07:00   Gate warm-up done at step 1000; enabling gate regularizer (alpha=1.00e-04)
2026-03-30 21:48:44-07:00   step 1000/7200 loss: 1.9166
2026-03-30 21:48:44-07:00   step 1100/7200 loss: 2.6710
2026-03-30 21:48:44-07:00   step 1200/7200 loss: 2.1699
2026-03-30 21:48:44-07:00   step 1300/7200 loss: 2.3419
2026-03-30 21:48:44-07:00   step 1400/7200 loss: 2.5171
2026-03-30 21:48:44-07:00   step 1500/7200 loss: 2.7696
2026-03-30 21:48:44-07:00   step 1600/7200 loss: 2.0831
2026-03-30 21:48:44-07:00   step 1700/7200 loss: 1.7643
2026-03-30 21:48:44-07:00   step 1800/7200 loss: 2.5824
2026-03-30 21:48:44-07:00   step 1900/7200 loss: 1.2120
2026-03-30 21:48:44-07:00   step 2000/7200 loss: 1.4940
2026-03-30 21:48:44-07:00   step 2100/7200 loss: 2.2132
2026-03-30 21:48:44-07:00   step 2200/7200 loss: 2.9714
2026-03-30 21:48:44-07:00   step 2300/7200 loss: 2.3071
2026-03-30 21:48:44-07:00   step 2400/7200 loss: 2.4927
2026-03-30 21:48:44-07:00 Epoch 1/3 avg train loss: 2.6407
2026-03-30 21:48:44-07:00   Validation: 0.2743 (EM)
2026-03-30 21:48:44-07:00   step 2500/7200 loss: 1.9262
2026-03-30 21:48:44-07:00   step 2600/7200 loss: 1.7126
2026-03-30 21:48:44-07:00   step 2700/7200 loss: 2.5980
2026-03-30 21:48:44-07:00   step 2800/7200 loss: 2.2181
2026-03-30 21:48:44-07:00   step 2900/7200 loss: 2.1375
2026-03-30 21:48:44-07:00   step 3000/7200 loss: 1.3124
2026-03-30 21:48:44-07:00   step 3100/7200 loss: 2.4401
2026-03-30 21:48:44-07:00   step 3200/7200 loss: 2.0863
2026-03-30 21:48:44-07:00   step 3300/7200 loss: 1.4399
2026-03-30 21:48:44-07:00   step 3400/7200 loss: 1.6830
2026-03-30 21:48:44-07:00   step 3500/7200 loss: 1.5887
2026-03-30 21:48:44-07:00   step 3600/7200 loss: 1.7187
2026-03-30 21:48:44-07:00   step 3700/7200 loss: 2.0564
2026-03-30 21:48:44-07:00   step 3800/7200 loss: 2.3376
2026-03-30 21:48:44-07:00   step 3900/7200 loss: 2.1100
2026-03-30 21:48:44-07:00   step 4000/7200 loss: 1.8464
2026-03-30 21:48:44-07:00   step 4100/7200 loss: 1.7127
2026-03-30 21:48:44-07:00   step 4200/7200 loss: 2.5400
2026-03-30 21:48:44-07:00   step 4300/7200 loss: 2.0472
2026-03-30 21:48:44-07:00   step 4400/7200 loss: 1.4727
2026-03-30 21:48:44-07:00   step 4500/7200 loss: 1.4311
2026-03-30 21:48:44-07:00   step 4600/7200 loss: 2.1884
2026-03-30 21:48:44-07:00   step 4700/7200 loss: 2.2103
2026-03-30 21:48:44-07:00   step 4800/7200 loss: 2.0826
2026-03-30 21:48:44-07:00 Epoch 2/3 avg train loss: 1.8468
2026-03-30 21:48:44-07:00   Validation: 0.3509 (EM)
2026-03-30 21:48:44-07:00   step 4900/7200 loss: 1.1334
2026-03-30 21:48:44-07:00   step 5000/7200 loss: 2.2295
2026-03-30 21:48:44-07:00   step 5100/7200 loss: 1.1150
2026-03-30 21:48:44-07:00   step 5200/7200 loss: 1.2353
2026-03-30 21:48:44-07:00   step 5300/7200 loss: 1.6322
2026-03-30 21:48:44-07:00   step 5400/7200 loss: 0.9914
2026-03-30 21:48:44-07:00   step 5500/7200 loss: 1.5713
2026-03-30 21:48:44-07:00   step 5600/7200 loss: 1.6857
2026-03-30 21:48:44-07:00   step 5700/7200 loss: 0.9847
2026-03-30 21:48:44-07:00   step 5800/7200 loss: 1.1171
2026-03-30 21:48:44-07:00   step 5900/7200 loss: 1.4542
2026-03-30 21:48:44-07:00   step 6000/7200 loss: 1.3608
2026-03-30 21:48:44-07:00   step 6100/7200 loss: 1.0556
2026-03-30 21:48:44-07:00   step 6200/7200 loss: 2.0775
2026-03-30 21:48:44-07:00   step 6300/7200 loss: 1.7680
2026-03-30 21:48:44-07:00   step 6400/7200 loss: 1.0702
2026-03-30 21:48:44-07:00   step 6500/7200 loss: 1.5510
2026-03-30 21:48:44-07:00   step 6600/7200 loss: 0.9790
2026-03-30 21:48:44-07:00   step 6700/7200 loss: 1.4862
2026-03-30 21:48:44-07:00   step 6800/7200 loss: 1.4431
2026-03-30 21:48:44-07:00   step 6900/7200 loss: 0.7865
2026-03-30 21:48:44-07:00   step 7000/7200 loss: 1.1895
2026-03-30 21:48:44-07:00   step 7100/7200 loss: 1.2989
2026-03-30 21:48:44-07:00   step 7200/7200 loss: 1.0094
2026-03-30 21:48:44-07:00 Epoch 3/3 avg train loss: 1.4830
2026-03-30 21:48:44-07:00   Validation: 0.3471 (EM)
2026-03-30 21:48:44-07:00 Validation exact match: 0.3471 (1383/3984)
2026-03-30 21:48:44-07:00 Inference: 51.7 ms/batch  |  309.49 samples/sec
2026-03-30 21:48:44-07:00 Actual deletion rate (train): 25.28%  |  gate mean: -9.0382  std: 11.4097  |  alpha_final: 0.0  |  time: 1312.7s
2026-03-30 21:48:44-07:00 Done.

